1614103030: mosquitto version 2.0.7 starting
1614103030: Config loaded from /mosquitto/config/mosquitto.conf.
1614103030: Opening ipv4 listen socket on port 1883.
1614103030: Opening ipv6 listen socket on port 1883.
1614103030: mosquitto version 2.0.7 running
1614103056: New connection from 172.22.0.1:58170 on port 1883.
1614103057: New client connected from 172.22.0.1:58170 as MQTT_FX_Client (p2, c1, k60).
1614104831: Saving in-memory database to /mosquitto/data/mosquitto.db.
1614106632: Saving in-memory database to /mosquitto/data/mosquitto.db.
1614108433: Saving in-memory database to /mosquitto/data/mosquitto.db.
1614110234: Saving in-memory database to /mosquitto/data/mosquitto.db.
1614110255: Client MQTT_FX_Client closed its connection.
1614110272: mosquitto version 2.0.7 terminating
1614110272: Saving in-memory database to /mosquitto/data/mosquitto.db.
1614146223: mosquitto version 2.0.7 starting
1614146223: Config loaded from /mosquitto/config/mosquitto.conf.
1614146223: Opening ipv4 listen socket on port 1883.
1614146223: Opening ipv6 listen socket on port 1883.
1614146223: mosquitto version 2.0.7 running
1614147415: mosquitto version 2.0.7 terminating
1614147415: Saving in-memory database to /mosquitto/data/mosquitto.db.
1614181165: mosquitto version 2.0.7 starting
1614181165: Config loaded from /mosquitto/config/mosquitto.conf.
1614181165: Opening ipv4 listen socket on port 1883.
1614181165: Opening ipv6 listen socket on port 1883.
1614181165: mosquitto version 2.0.7 running
1614181395: New connection from 172.22.0.1:43852 on port 1883.
1614181395: New client connected from 172.22.0.1:43852 as MQTT_FX_Client (p2, c1, k60).
1614182966: Saving in-memory database to /mosquitto/data/mosquitto.db.
1614184767: Saving in-memory database to /mosquitto/data/mosquitto.db.
1614186567: Saving in-memory database to /mosquitto/data/mosquitto.db.
1614188368: Saving in-memory database to /mosquitto/data/mosquitto.db.
1614190169: Saving in-memory database to /mosquitto/data/mosquitto.db.
1614191970: Saving in-memory database to /mosquitto/data/mosquitto.db.
1614193771: Saving in-memory database to /mosquitto/data/mosquitto.db.
1614195572: Saving in-memory database to /mosquitto/data/mosquitto.db.
1614197373: Saving in-memory database to /mosquitto/data/mosquitto.db.
1614199174: Saving in-memory database to /mosquitto/data/mosquitto.db.
1614199232: mosquitto version 2.0.7 terminating
1614199232: Saving in-memory database to /mosquitto/data/mosquitto.db.
1614232596: mosquitto version 2.0.7 starting
1614232596: Config loaded from /mosquitto/config/mosquitto.conf.
1614232596: Opening ipv4 listen socket on port 1883.
1614232596: Opening ipv6 listen socket on port 1883.
1614232596: mosquitto version 2.0.7 running
1614234396: Saving in-memory database to /mosquitto/data/mosquitto.db.
1614236197: Saving in-memory database to /mosquitto/data/mosquitto.db.
1614237998: Saving in-memory database to /mosquitto/data/mosquitto.db.
1614239799: Saving in-memory database to /mosquitto/data/mosquitto.db.
1614241600: Saving in-memory database to /mosquitto/data/mosquitto.db.
1614243401: Saving in-memory database to /mosquitto/data/mosquitto.db.
1614245202: Saving in-memory database to /mosquitto/data/mosquitto.db.
1614247003: Saving in-memory database to /mosquitto/data/mosquitto.db.
1614248804: Saving in-memory database to /mosquitto/data/mosquitto.db.
1614250605: Saving in-memory database to /mosquitto/data/mosquitto.db.
1614252406: Saving in-memory database to /mosquitto/data/mosquitto.db.
1614254207: Saving in-memory database to /mosquitto/data/mosquitto.db.
1614256008: Saving in-memory database to /mosquitto/data/mosquitto.db.
1614257809: Saving in-memory database to /mosquitto/data/mosquitto.db.
1614259610: Saving in-memory database to /mosquitto/data/mosquitto.db.
1614259630: mosquitto version 2.0.7 terminating
1614259630: Saving in-memory database to /mosquitto/data/mosquitto.db.
1614275957: mosquitto version 2.0.7 starting
1614275957: Config loaded from /mosquitto/config/mosquitto.conf.
1614275957: Opening ipv4 listen socket on port 1883.
1614275957: Opening ipv6 listen socket on port 1883.
1614275957: mosquitto version 2.0.7 running
1614277757: Saving in-memory database to /mosquitto/data/mosquitto.db.
1614279558: Saving in-memory database to /mosquitto/data/mosquitto.db.
1614281359: Saving in-memory database to /mosquitto/data/mosquitto.db.
1614282964: mosquitto version 2.0.7 terminating
1614282964: Saving in-memory database to /mosquitto/data/mosquitto.db.
1614318849: mosquitto version 2.0.7 starting
1614318849: Config loaded from /mosquitto/config/mosquitto.conf.
1614318849: Opening ipv4 listen socket on port 1883.
1614318849: Opening ipv6 listen socket on port 1883.
1614318849: mosquitto version 2.0.7 running
1614319952: mosquitto version 2.0.7 terminating
1614319952: Saving in-memory database to /mosquitto/data/mosquitto.db.
1614343240: mosquitto version 2.0.7 starting
1614343240: Config loaded from /mosquitto/config/mosquitto.conf.
1614343240: Opening ipv4 listen socket on port 1883.
1614343240: Opening ipv6 listen socket on port 1883.
1614343240: mosquitto version 2.0.7 running
1614343501: mosquitto version 2.0.7 terminating
1614343501: Saving in-memory database to /mosquitto/data/mosquitto.db.
1614411466: mosquitto version 2.0.7 starting
1614411466: Config loaded from /mosquitto/config/mosquitto.conf.
1614411466: Opening ipv4 listen socket on port 1883.
1614411466: Opening ipv6 listen socket on port 1883.
1614411466: mosquitto version 2.0.7 running
1614413266: Saving in-memory database to /mosquitto/data/mosquitto.db.
1614415068: Saving in-memory database to /mosquitto/data/mosquitto.db.
1614416868: Saving in-memory database to /mosquitto/data/mosquitto.db.
1614418669: Saving in-memory database to /mosquitto/data/mosquitto.db.
1614420470: Saving in-memory database to /mosquitto/data/mosquitto.db.
1614422271: Saving in-memory database to /mosquitto/data/mosquitto.db.
1614424072: Saving in-memory database to /mosquitto/data/mosquitto.db.
1614425873: Saving in-memory database to /mosquitto/data/mosquitto.db.
1614427674: Saving in-memory database to /mosquitto/data/mosquitto.db.
1614429475: Saving in-memory database to /mosquitto/data/mosquitto.db.
1614431276: Saving in-memory database to /mosquitto/data/mosquitto.db.
1614433077: Saving in-memory database to /mosquitto/data/mosquitto.db.
1614434878: Saving in-memory database to /mosquitto/data/mosquitto.db.
1614436679: Saving in-memory database to /mosquitto/data/mosquitto.db.
1614438480: Saving in-memory database to /mosquitto/data/mosquitto.db.
1614440281: Saving in-memory database to /mosquitto/data/mosquitto.db.
1614440753: mosquitto version 2.0.7 terminating
1614440753: Saving in-memory database to /mosquitto/data/mosquitto.db.
